{"uid":"2ec7a84d2285693b","name":"closeOnOutsideClick - should handle app-toggled event","fullName":"packages/@studiocms/devapps/tests/utils/app-utils.test.ts#@studiocms/devapps Package Tests closeOnOutsideClick - should handle app-toggled event","historyId":"fd0d89a0f2b76ba5bfb4821b25d20ef5:d41d8cd98f00b204e9800998ecf8427e","time":{"start":1762975116402,"stop":1762975116408,"duration":6},"status":"failed","statusMessage":"expected \"spy\" to be called with arguments: [ 'click', Any<Function>, true ]\n\nNumber of calls: 0\n","statusTrace":"AssertionError: expected \"spy\" to be called with arguments: [ 'click', Any<Function>, true ]\n\nNumber of calls: 0\n\n    at Proxy.<anonymous> (file:///home/runner/work/studiocms/studiocms/node_modules/.pnpm/@vitest+expect@3.2.4/node_modules/@vitest/expect/dist/index.js:1355:10)\n    at Proxy.<anonymous> (file:///home/runner/work/studiocms/studiocms/node_modules/.pnpm/@vitest+expect@3.2.4/node_modules/@vitest/expect/dist/index.js:1029:14)\n    at Proxy.methodWrapper (file:///home/runner/work/studiocms/studiocms/node_modules/.pnpm/chai@5.3.3/node_modules/chai/index.js:1686:25)\n    at /home/runner/work/studiocms/studiocms/packages/@studiocms/devapps/tests/utils/app-utils.test.ts:154:46\n    at processTicksAndRejections (node:internal/process/task_queues:105:5)","flaky":false,"newFailed":false,"newBroken":false,"newPassed":false,"retriesCount":0,"retriesStatusChange":false,"beforeStages":[],"testStage":{"status":"failed","statusMessage":"expected \"spy\" to be called with arguments: [ 'click', Any<Function>, true ]\n\nNumber of calls: 0\n","statusTrace":"AssertionError: expected \"spy\" to be called with arguments: [ 'click', Any<Function>, true ]\n\nNumber of calls: 0\n\n    at Proxy.<anonymous> (file:///home/runner/work/studiocms/studiocms/node_modules/.pnpm/@vitest+expect@3.2.4/node_modules/@vitest/expect/dist/index.js:1355:10)\n    at Proxy.<anonymous> (file:///home/runner/work/studiocms/studiocms/node_modules/.pnpm/@vitest+expect@3.2.4/node_modules/@vitest/expect/dist/index.js:1029:14)\n    at Proxy.methodWrapper (file:///home/runner/work/studiocms/studiocms/node_modules/.pnpm/chai@5.3.3/node_modules/chai/index.js:1686:25)\n    at /home/runner/work/studiocms/studiocms/packages/@studiocms/devapps/tests/utils/app-utils.test.ts:154:46\n    at processTicksAndRejections (node:internal/process/task_queues:105:5)","steps":[{"name":"Should handle app-toggled event","time":{"start":1762975116402,"stop":1762975116406,"duration":4},"status":"failed","statusMessage":"expected \"spy\" to be called with arguments: [ 'click', Any<Function>, true ]\n\nNumber of calls: 0\n","statusTrace":"AssertionError: expected \"spy\" to be called with arguments: [ 'click', Any<Function>, true ]\n\nNumber of calls: 0\n\n    at Proxy.<anonymous> (file:///home/runner/work/studiocms/studiocms/node_modules/.pnpm/@vitest+expect@3.2.4/node_modules/@vitest/expect/dist/index.js:1355:10)\n    at Proxy.<anonymous> (file:///home/runner/work/studiocms/studiocms/node_modules/.pnpm/@vitest+expect@3.2.4/node_modules/@vitest/expect/dist/index.js:1029:14)\n    at Proxy.methodWrapper (file:///home/runner/work/studiocms/studiocms/node_modules/.pnpm/chai@5.3.3/node_modules/chai/index.js:1686:25)\n    at /home/runner/work/studiocms/studiocms/packages/@studiocms/devapps/tests/utils/app-utils.test.ts:154:46\n    at processTicksAndRejections (node:internal/process/task_queues:105:5)","steps":[],"attachments":[],"parameters":[{"name":"appToggledState","value":"true"},{"name":"documentEventListeners","value":"[\n  [\n    \"click\",\n    null,\n    true\n  ]\n]"},{"name":"documentRemovedEventListeners","value":"[]"}],"shouldDisplayMessage":true,"stepsCount":0,"attachmentsCount":0,"hasContent":true,"attachmentStep":false}],"attachments":[],"parameters":[],"shouldDisplayMessage":false,"stepsCount":1,"attachmentsCount":0,"hasContent":true,"attachmentStep":false},"afterStages":[],"labels":[{"name":"owner","value":"withstudiocms"},{"name":"lead","value":"Adam Matthiesen"},{"name":"framework","value":"Vitest"},{"name":"language","value":"TypeScript/JavaScript"},{"name":"framework","value":"vitest"},{"name":"language","value":"javascript"},{"name":"parentSuite","value":"@studiocms/devapps Package Tests"},{"name":"host","value":"runnervmw9dnm"},{"name":"thread","value":"vitest-worker-3"},{"name":"package","value":"packages.@studiocms.devapps.tests.utils.app-utils.test.ts"},{"name":"parentSuite","value":"@studiocms/devapps Package Tests"},{"name":"suite","value":"app-utils Utility Function Tests"},{"name":"subSuite","value":"closeOnOutsideClick Tests"},{"name":"tag","value":"package:@studiocms/devapps"},{"name":"tag","value":"type:unit"},{"name":"tag","value":"scope:studiocms"},{"name":"resultFormat","value":"allure2"}],"parameters":[],"links":[],"hidden":true,"retry":true,"extra":{"categories":[],"tags":["scope:studiocms","type:unit","package:@studiocms/devapps"]},"source":"2ec7a84d2285693b.json","parameterValues":[]}