{"uid":"90efdee129072966","name":"Plugin Hooks - Validates Hook Functionality","fullName":"packages/@studiocms/html/test/index.test.ts#@studiocms/html Package Tests Plugin Hooks - Validates Hook Functionality","historyId":"7d58e7c3160171154d3eaf0fc579d70c:d41d8cd98f00b204e9800998ecf8427e","time":{"start":1763886066094,"stop":1763886066105,"duration":11},"status":"failed","statusMessage":"expected undefined to be defined","statusTrace":"AssertionError: expected undefined to be defined\n    at body (/home/runner/work/studiocms/studiocms/packages/@studiocms/html/test/index.test.ts:138:51)\n    at body (file:///home/runner/work/studiocms/studiocms/node_modules/.pnpm/allure-js-commons@3.4.2/node_modules/allure-js-commons/src/facade.ts:113:48)\n    at file:///home/runner/work/studiocms/studiocms/node_modules/.pnpm/allure-js-commons@3.4.2/node_modules/allure-js-commons/src/sdk/runtime/MessageTestRuntime.ts:175:28\n    at Generator.next (<anonymous>)\n    at asyncGeneratorStep (file:///home/runner/work/studiocms/studiocms/node_modules/.pnpm/allure-js-commons@3.4.2/node_modules/allure-js-commons/dist/esm/sdk/runtime/MessageTestRuntime.js:6:70)\n    at _next (file:///home/runner/work/studiocms/studiocms/node_modules/.pnpm/allure-js-commons@3.4.2/node_modules/allure-js-commons/dist/esm/sdk/runtime/MessageTestRuntime.js:7:163)\n    at processTicksAndRejections (node:internal/process/task_queues:105:5)","flaky":false,"newFailed":true,"newBroken":false,"newPassed":false,"retriesCount":0,"retriesStatusChange":false,"beforeStages":[],"testStage":{"status":"failed","statusMessage":"expected undefined to be defined","statusTrace":"AssertionError: expected undefined to be defined\n    at body (/home/runner/work/studiocms/studiocms/packages/@studiocms/html/test/index.test.ts:138:51)\n    at body (file:///home/runner/work/studiocms/studiocms/node_modules/.pnpm/allure-js-commons@3.4.2/node_modules/allure-js-commons/src/facade.ts:113:48)\n    at file:///home/runner/work/studiocms/studiocms/node_modules/.pnpm/allure-js-commons@3.4.2/node_modules/allure-js-commons/src/sdk/runtime/MessageTestRuntime.ts:175:28\n    at Generator.next (<anonymous>)\n    at asyncGeneratorStep (file:///home/runner/work/studiocms/studiocms/node_modules/.pnpm/allure-js-commons@3.4.2/node_modules/allure-js-commons/dist/esm/sdk/runtime/MessageTestRuntime.js:6:70)\n    at _next (file:///home/runner/work/studiocms/studiocms/node_modules/.pnpm/allure-js-commons@3.4.2/node_modules/allure-js-commons/dist/esm/sdk/runtime/MessageTestRuntime.js:7:163)\n    at processTicksAndRejections (node:internal/process/task_queues:105:5)","steps":[{"name":"Should have all required hooks","time":{"start":1763886066095,"stop":1763886066104,"duration":9},"status":"failed","statusMessage":"expected undefined to be defined","statusTrace":"AssertionError: expected undefined to be defined\n    at body (/home/runner/work/studiocms/studiocms/packages/@studiocms/html/test/index.test.ts:138:51)\n    at body (file:///home/runner/work/studiocms/studiocms/node_modules/.pnpm/allure-js-commons@3.4.2/node_modules/allure-js-commons/src/facade.ts:113:48)\n    at file:///home/runner/work/studiocms/studiocms/node_modules/.pnpm/allure-js-commons@3.4.2/node_modules/allure-js-commons/src/sdk/runtime/MessageTestRuntime.ts:175:28\n    at Generator.next (<anonymous>)\n    at asyncGeneratorStep (file:///home/runner/work/studiocms/studiocms/node_modules/.pnpm/allure-js-commons@3.4.2/node_modules/allure-js-commons/dist/esm/sdk/runtime/MessageTestRuntime.js:6:70)\n    at _next (file:///home/runner/work/studiocms/studiocms/node_modules/.pnpm/allure-js-commons@3.4.2/node_modules/allure-js-commons/dist/esm/sdk/runtime/MessageTestRuntime.js:7:163)\n    at processTicksAndRejections (node:internal/process/task_queues:105:5)","steps":[],"attachments":[],"parameters":[],"shouldDisplayMessage":true,"stepsCount":0,"attachmentsCount":0,"hasContent":true,"attachmentStep":false}],"attachments":[],"parameters":[],"shouldDisplayMessage":false,"stepsCount":1,"attachmentsCount":0,"hasContent":true,"attachmentStep":false},"afterStages":[],"labels":[{"name":"owner","value":"withstudiocms"},{"name":"lead","value":"Adam Matthiesen"},{"name":"framework","value":"Vitest"},{"name":"language","value":"TypeScript/JavaScript"},{"name":"framework","value":"vitest"},{"name":"language","value":"javascript"},{"name":"parentSuite","value":"@studiocms/html Package Tests"},{"name":"host","value":"runnervmg1sw1"},{"name":"thread","value":"vitest-worker-3"},{"name":"package","value":"packages.@studiocms.html.test.index.test.ts"},{"name":"parentSuite","value":"@studiocms/html Package Tests"},{"name":"suite","value":"studiocmsHTML Plugin Tests"},{"name":"subSuite","value":"Plugin Hooks Tests"},{"name":"tag","value":"package:@studiocms/html"},{"name":"tag","value":"type:unit"},{"name":"tag","value":"scope:studiocms"},{"name":"resultFormat","value":"allure2"}],"parameters":[],"links":[],"hidden":false,"retry":false,"extra":{"severity":"normal","owner":"withstudiocms","retries":[],"categories":[{"name":"Product defects","matchedStatuses":[]}],"history":{"statistic":{"failed":1,"broken":0,"skipped":0,"passed":1,"unknown":0,"total":2},"items":[{"uid":"9f9ea163d50440d6","reportUrl":"https://tests.studiocms.dev/allure-reports/adam_update-plugin-hooks/studiocms-tests/19608082585_1763884678008/#testresult/9f9ea163d50440d6","status":"passed","time":{"start":1763884568881,"stop":1763884568886,"duration":5}}]},"tags":["scope:studiocms","type:unit","package:@studiocms/html"]},"source":"90efdee129072966.json","parameterValues":[]}